13:46:35 **** Build of configuration Debug for project skills ****
make -j12 all 
arm-none-eabi-gcc "../Drivers/STM32F4xx_HAL_Driver/Src/stm32f4xx_hal.c" -mcpu=cortex-m4 -std=gnu11 -g3 -DDEBUG -DUSE_HAL_DRIVER -DSTM32F411xE -c -I../Core/Inc -I../Drivers/STM32F4xx_HAL_Driver/Inc -I../Drivers/STM32F4xx_HAL_Driver/Inc/Legacy -I../Drivers/CMSIS/Device/ST/STM32F4xx/Include -I../Drivers/CMSIS/Include -O0 -ffunction-sections -fdata-sections -Wall -fstack-usage -fcyclomatic-complexity -MMD -MP -MF"Drivers/STM32F4xx_HAL_Driver/Src/stm32f4xx_hal.d" -MT"Drivers/STM32F4xx_HAL_Driver/Src/stm32f4xx_hal.o" --specs=nano.specs -mfpu=fpv4-sp-d16 -mfloat-abi=hard -mthumb -o "Drivers/STM32F4xx_HAL_Driver/Src/stm32f4xx_hal.o"
arm-none-eabi-gcc "../Drivers/STM32F4xx_HAL_Driver/Src/stm32f4xx_hal_cortex.c" -mcpu=cortex-m4 -std=gnu11 -g3 -DDEBUG -DUSE_HAL_DRIVER -DSTM32F411xE -c -I../Core/Inc -I../Drivers/STM32F4xx_HAL_Driver/Inc -I../Drivers/STM32F4xx_HAL_Driver/Inc/Legacy -I../Drivers/CMSIS/Device/ST/STM32F4xx/Include -I../Drivers/CMSIS/Include -O0 -ffunction-sections -fdata-sections -Wall -fstack-usage -fcyclomatic-complexity -MMD -MP -MF"Drivers/STM32F4xx_HAL_Driver/Src/stm32f4xx_hal_cortex.d" -MT"Drivers/STM32F4xx_HAL_Driver/Src/stm32f4xx_hal_cortex.o" --specs=nano.specs -mfpu=fpv4-sp-d16 -mfloat-abi=hard -mthumb -o "Drivers/STM32F4xx_HAL_Driver/Src/stm32f4xx_hal_cortex.o"
arm-none-eabi-gcc "../Drivers/STM32F4xx_HAL_Driver/Src/stm32f4xx_hal_dma.c" -mcpu=cortex-m4 -std=gnu11 -g3 -DDEBUG -DUSE_HAL_DRIVER -DSTM32F411xE -c -I../Core/Inc -I../Drivers/STM32F4xx_HAL_Driver/Inc -I../Drivers/STM32F4xx_HAL_Driver/Inc/Legacy -I../Drivers/CMSIS/Device/ST/STM32F4xx/Include -I../Drivers/CMSIS/Include -O0 -ffunction-sections -fdata-sections -Wall -fstack-usage -fcyclomatic-complexity -MMD -MP -MF"Drivers/STM32F4xx_HAL_Driver/Src/stm32f4xx_hal_dma.d" -MT"Drivers/STM32F4xx_HAL_Driver/Src/stm32f4xx_hal_dma.o" --specs=nano.specs -mfpu=fpv4-sp-d16 -mfloat-abi=hard -mthumb -o "Drivers/STM32F4xx_HAL_Driver/Src/stm32f4xx_hal_dma.o"
arm-none-eabi-gcc "../Drivers/STM32F4xx_HAL_Driver/Src/stm32f4xx_hal_dma_ex.c" -mcpu=cortex-m4 -std=gnu11 -g3 -DDEBUG -DUSE_HAL_DRIVER -DSTM32F411xE -c -I../Core/Inc -I../Drivers/STM32F4xx_HAL_Driver/Inc -I../Drivers/STM32F4xx_HAL_Driver/Inc/Legacy -I../Drivers/CMSIS/Device/ST/STM32F4xx/Include -I../Drivers/CMSIS/Include -O0 -ffunction-sections -fdata-sections -Wall -fstack-usage -fcyclomatic-complexity -MMD -MP -MF"Drivers/STM32F4xx_HAL_Driver/Src/stm32f4xx_hal_dma_ex.d" -MT"Drivers/STM32F4xx_HAL_Driver/Src/stm32f4xx_hal_dma_ex.o" --specs=nano.specs -mfpu=fpv4-sp-d16 -mfloat-abi=hard -mthumb -o "Drivers/STM32F4xx_HAL_Driver/Src/stm32f4xx_hal_dma_ex.o"
arm-none-eabi-gcc "../Drivers/STM32F4xx_HAL_Driver/Src/stm32f4xx_hal_exti.c" -mcpu=cortex-m4 -std=gnu11 -g3 -DDEBUG -DUSE_HAL_DRIVER -DSTM32F411xE -c -I../Core/Inc -I../Drivers/STM32F4xx_HAL_Driver/Inc -I../Drivers/STM32F4xx_HAL_Driver/Inc/Legacy -I../Drivers/CMSIS/Device/ST/STM32F4xx/Include -I../Drivers/CMSIS/Include -O0 -ffunction-sections -fdata-sections -Wall -fstack-usage -fcyclomatic-complexity -MMD -MP -MF"Drivers/STM32F4xx_HAL_Driver/Src/stm32f4xx_hal_exti.d" -MT"Drivers/STM32F4xx_HAL_Driver/Src/stm32f4xx_hal_exti.o" --specs=nano.specs -mfpu=fpv4-sp-d16 -mfloat-abi=hard -mthumb -o "Drivers/STM32F4xx_HAL_Driver/Src/stm32f4xx_hal_exti.o"
arm-none-eabi-gcc "../Drivers/STM32F4xx_HAL_Driver/Src/stm32f4xx_hal_flash.c" -mcpu=cortex-m4 -std=gnu11 -g3 -DDEBUG -DUSE_HAL_DRIVER -DSTM32F411xE -c -I../Core/Inc -I../Drivers/STM32F4xx_HAL_Driver/Inc -I../Drivers/STM32F4xx_HAL_Driver/Inc/Legacy -I../Drivers/CMSIS/Device/ST/STM32F4xx/Include -I../Drivers/CMSIS/Include -O0 -ffunction-sections -fdata-sections -Wall -fstack-usage -fcyclomatic-complexity -MMD -MP -MF"Drivers/STM32F4xx_HAL_Driver/Src/stm32f4xx_hal_flash.d" -MT"Drivers/STM32F4xx_HAL_Driver/Src/stm32f4xx_hal_flash.o" --specs=nano.specs -mfpu=fpv4-sp-d16 -mfloat-abi=hard -mthumb -o "Drivers/STM32F4xx_HAL_Driver/Src/stm32f4xx_hal_flash.o"
arm-none-eabi-gcc "../Drivers/STM32F4xx_HAL_Driver/Src/stm32f4xx_hal_flash_ex.c" -mcpu=cortex-m4 -std=gnu11 -g3 -DDEBUG -DUSE_HAL_DRIVER -DSTM32F411xE -c -I../Core/Inc -I../Drivers/STM32F4xx_HAL_Driver/Inc -I../Drivers/STM32F4xx_HAL_Driver/Inc/Legacy -I../Drivers/CMSIS/Device/ST/STM32F4xx/Include -I../Drivers/CMSIS/Include -O0 -ffunction-sections -fdata-sections -Wall -fstack-usage -fcyclomatic-complexity -MMD -MP -MF"Drivers/STM32F4xx_HAL_Driver/Src/stm32f4xx_hal_flash_ex.d" -MT"Drivers/STM32F4xx_HAL_Driver/Src/stm32f4xx_hal_flash_ex.o" --specs=nano.specs -mfpu=fpv4-sp-d16 -mfloat-abi=hard -mthumb -o "Drivers/STM32F4xx_HAL_Driver/Src/stm32f4xx_hal_flash_ex.o"
arm-none-eabi-gcc "../Drivers/STM32F4xx_HAL_Driver/Src/stm32f4xx_hal_flash_ramfunc.c" -mcpu=cortex-m4 -std=gnu11 -g3 -DDEBUG -DUSE_HAL_DRIVER -DSTM32F411xE -c -I../Core/Inc -I../Drivers/STM32F4xx_HAL_Driver/Inc -I../Drivers/STM32F4xx_HAL_Driver/Inc/Legacy -I../Drivers/CMSIS/Device/ST/STM32F4xx/Include -I../Drivers/CMSIS/Include -O0 -ffunction-sections -fdata-sections -Wall -fstack-usage -fcyclomatic-complexity -MMD -MP -MF"Drivers/STM32F4xx_HAL_Driver/Src/stm32f4xx_hal_flash_ramfunc.d" -MT"Drivers/STM32F4xx_HAL_Driver/Src/stm32f4xx_hal_flash_ramfunc.o" --specs=nano.specs -mfpu=fpv4-sp-d16 -mfloat-abi=hard -mthumb -o "Drivers/STM32F4xx_HAL_Driver/Src/stm32f4xx_hal_flash_ramfunc.o"
arm-none-eabi-gcc "../Drivers/STM32F4xx_HAL_Driver/Src/stm32f4xx_hal_gpio.c" -mcpu=cortex-m4 -std=gnu11 -g3 -DDEBUG -DUSE_HAL_DRIVER -DSTM32F411xE -c -I../Core/Inc -I../Drivers/STM32F4xx_HAL_Driver/Inc -I../Drivers/STM32F4xx_HAL_Driver/Inc/Legacy -I../Drivers/CMSIS/Device/ST/STM32F4xx/Include -I../Drivers/CMSIS/Include -O0 -ffunction-sections -fdata-sections -Wall -fstack-usage -fcyclomatic-complexity -MMD -MP -MF"Drivers/STM32F4xx_HAL_Driver/Src/stm32f4xx_hal_gpio.d" -MT"Drivers/STM32F4xx_HAL_Driver/Src/stm32f4xx_hal_gpio.o" --specs=nano.specs -mfpu=fpv4-sp-d16 -mfloat-abi=hard -mthumb -o "Drivers/STM32F4xx_HAL_Driver/Src/stm32f4xx_hal_gpio.o"
arm-none-eabi-gcc "../Drivers/STM32F4xx_HAL_Driver/Src/stm32f4xx_hal_pwr.c" -mcpu=cortex-m4 -std=gnu11 -g3 -DDEBUG -DUSE_HAL_DRIVER -DSTM32F411xE -c -I../Core/Inc -I../Drivers/STM32F4xx_HAL_Driver/Inc -I../Drivers/STM32F4xx_HAL_Driver/Inc/Legacy -I../Drivers/CMSIS/Device/ST/STM32F4xx/Include -I../Drivers/CMSIS/Include -O0 -ffunction-sections -fdata-sections -Wall -fstack-usage -fcyclomatic-complexity -MMD -MP -MF"Drivers/STM32F4xx_HAL_Driver/Src/stm32f4xx_hal_pwr.d" -MT"Drivers/STM32F4xx_HAL_Driver/Src/stm32f4xx_hal_pwr.o" --specs=nano.specs -mfpu=fpv4-sp-d16 -mfloat-abi=hard -mthumb -o "Drivers/STM32F4xx_HAL_Driver/Src/stm32f4xx_hal_pwr.o"
arm-none-eabi-gcc "../Drivers/STM32F4xx_HAL_Driver/Src/stm32f4xx_hal_pwr_ex.c" -mcpu=cortex-m4 -std=gnu11 -g3 -DDEBUG -DUSE_HAL_DRIVER -DSTM32F411xE -c -I../Core/Inc -I../Drivers/STM32F4xx_HAL_Driver/Inc -I../Drivers/STM32F4xx_HAL_Driver/Inc/Legacy -I../Drivers/CMSIS/Device/ST/STM32F4xx/Include -I../Drivers/CMSIS/Include -O0 -ffunction-sections -fdata-sections -Wall -fstack-usage -fcyclomatic-complexity -MMD -MP -MF"Drivers/STM32F4xx_HAL_Driver/Src/stm32f4xx_hal_pwr_ex.d" -MT"Drivers/STM32F4xx_HAL_Driver/Src/stm32f4xx_hal_pwr_ex.o" --specs=nano.specs -mfpu=fpv4-sp-d16 -mfloat-abi=hard -mthumb -o "Drivers/STM32F4xx_HAL_Driver/Src/stm32f4xx_hal_pwr_ex.o"
arm-none-eabi-gcc "../Drivers/STM32F4xx_HAL_Driver/Src/stm32f4xx_hal_rcc.c" -mcpu=cortex-m4 -std=gnu11 -g3 -DDEBUG -DUSE_HAL_DRIVER -DSTM32F411xE -c -I../Core/Inc -I../Drivers/STM32F4xx_HAL_Driver/Inc -I../Drivers/STM32F4xx_HAL_Driver/Inc/Legacy -I../Drivers/CMSIS/Device/ST/STM32F4xx/Include -I../Drivers/CMSIS/Include -O0 -ffunction-sections -fdata-sections -Wall -fstack-usage -fcyclomatic-complexity -MMD -MP -MF"Drivers/STM32F4xx_HAL_Driver/Src/stm32f4xx_hal_rcc.d" -MT"Drivers/STM32F4xx_HAL_Driver/Src/stm32f4xx_hal_rcc.o" --specs=nano.specs -mfpu=fpv4-sp-d16 -mfloat-abi=hard -mthumb -o "Drivers/STM32F4xx_HAL_Driver/Src/stm32f4xx_hal_rcc.o"
arm-none-eabi-gcc "../Drivers/STM32F4xx_HAL_Driver/Src/stm32f4xx_hal_rcc_ex.c" -mcpu=cortex-m4 -std=gnu11 -g3 -DDEBUG -DUSE_HAL_DRIVER -DSTM32F411xE -c -I../Core/Inc -I../Drivers/STM32F4xx_HAL_Driver/Inc -I../Drivers/STM32F4xx_HAL_Driver/Inc/Legacy -I../Drivers/CMSIS/Device/ST/STM32F4xx/Include -I../Drivers/CMSIS/Include -O0 -ffunction-sections -fdata-sections -Wall -fstack-usage -fcyclomatic-complexity -MMD -MP -MF"Drivers/STM32F4xx_HAL_Driver/Src/stm32f4xx_hal_rcc_ex.d" -MT"Drivers/STM32F4xx_HAL_Driver/Src/stm32f4xx_hal_rcc_ex.o" --specs=nano.specs -mfpu=fpv4-sp-d16 -mfloat-abi=hard -mthumb -o "Drivers/STM32F4xx_HAL_Driver/Src/stm32f4xx_hal_rcc_ex.o"
arm-none-eabi-gcc "../Drivers/STM32F4xx_HAL_Driver/Src/stm32f4xx_hal_tim.c" -mcpu=cortex-m4 -std=gnu11 -g3 -DDEBUG -DUSE_HAL_DRIVER -DSTM32F411xE -c -I../Core/Inc -I../Drivers/STM32F4xx_HAL_Driver/Inc -I../Drivers/STM32F4xx_HAL_Driver/Inc/Legacy -I../Drivers/CMSIS/Device/ST/STM32F4xx/Include -I../Drivers/CMSIS/Include -O0 -ffunction-sections -fdata-sections -Wall -fstack-usage -fcyclomatic-complexity -MMD -MP -MF"Drivers/STM32F4xx_HAL_Driver/Src/stm32f4xx_hal_tim.d" -MT"Drivers/STM32F4xx_HAL_Driver/Src/stm32f4xx_hal_tim.o" --specs=nano.specs -mfpu=fpv4-sp-d16 -mfloat-abi=hard -mthumb -o "Drivers/STM32F4xx_HAL_Driver/Src/stm32f4xx_hal_tim.o"
arm-none-eabi-gcc "../Drivers/STM32F4xx_HAL_Driver/Src/stm32f4xx_hal_tim_ex.c" -mcpu=cortex-m4 -std=gnu11 -g3 -DDEBUG -DUSE_HAL_DRIVER -DSTM32F411xE -c -I../Core/Inc -I../Drivers/STM32F4xx_HAL_Driver/Inc -I../Drivers/STM32F4xx_HAL_Driver/Inc/Legacy -I../Drivers/CMSIS/Device/ST/STM32F4xx/Include -I../Drivers/CMSIS/Include -O0 -ffunction-sections -fdata-sections -Wall -fstack-usage -fcyclomatic-complexity -MMD -MP -MF"Drivers/STM32F4xx_HAL_Driver/Src/stm32f4xx_hal_tim_ex.d" -MT"Drivers/STM32F4xx_HAL_Driver/Src/stm32f4xx_hal_tim_ex.o" --specs=nano.specs -mfpu=fpv4-sp-d16 -mfloat-abi=hard -mthumb -o "Drivers/STM32F4xx_HAL_Driver/Src/stm32f4xx_hal_tim_ex.o"
arm-none-eabi-gcc "../Drivers/STM32F4xx_HAL_Driver/Src/stm32f4xx_hal_uart.c" -mcpu=cortex-m4 -std=gnu11 -g3 -DDEBUG -DUSE_HAL_DRIVER -DSTM32F411xE -c -I../Core/Inc -I../Drivers/STM32F4xx_HAL_Driver/Inc -I../Drivers/STM32F4xx_HAL_Driver/Inc/Legacy -I../Drivers/CMSIS/Device/ST/STM32F4xx/Include -I../Drivers/CMSIS/Include -O0 -ffunction-sections -fdata-sections -Wall -fstack-usage -fcyclomatic-complexity -MMD -MP -MF"Drivers/STM32F4xx_HAL_Driver/Src/stm32f4xx_hal_uart.d" -MT"Drivers/STM32F4xx_HAL_Driver/Src/stm32f4xx_hal_uart.o" --specs=nano.specs -mfpu=fpv4-sp-d16 -mfloat-abi=hard -mthumb -o "Drivers/STM32F4xx_HAL_Driver/Src/stm32f4xx_hal_uart.o"
arm-none-eabi-gcc -mcpu=cortex-m4 -g3 -DDEBUG -c -x assembler-with-cpp -MMD -MP -MF"Core/Startup/startup_stm32f411retx.d" -MT"Core/Startup/startup_stm32f411retx.o" --specs=nano.specs -mfpu=fpv4-sp-d16 -mfloat-abi=hard -mthumb -o "Core/Startup/startup_stm32f411retx.o" "../Core/Startup/startup_stm32f411retx.s"
arm-none-eabi-gcc "../Core/Src/main.c" -mcpu=cortex-m4 -std=gnu11 -g3 -DDEBUG -DUSE_HAL_DRIVER -DSTM32F411xE -c -I../Core/Inc -I../Drivers/STM32F4xx_HAL_Driver/Inc -I../Drivers/STM32F4xx_HAL_Driver/Inc/Legacy -I../Drivers/CMSIS/Device/ST/STM32F4xx/Include -I../Drivers/CMSIS/Include -O0 -ffunction-sections -fdata-sections -Wall -fstack-usage -fcyclomatic-complexity -MMD -MP -MF"Core/Src/main.d" -MT"Core/Src/main.o" --specs=nano.specs -mfpu=fpv4-sp-d16 -mfloat-abi=hard -mthumb -o "Core/Src/main.o"
arm-none-eabi-gcc "../Core/Src/stm32f4xx_hal_msp.c" -mcpu=cortex-m4 -std=gnu11 -g3 -DDEBUG -DUSE_HAL_DRIVER -DSTM32F411xE -c -I../Core/Inc -I../Drivers/STM32F4xx_HAL_Driver/Inc -I../Drivers/STM32F4xx_HAL_Driver/Inc/Legacy -I../Drivers/CMSIS/Device/ST/STM32F4xx/Include -I../Drivers/CMSIS/Include -O0 -ffunction-sections -fdata-sections -Wall -fstack-usage -fcyclomatic-complexity -MMD -MP -MF"Core/Src/stm32f4xx_hal_msp.d" -MT"Core/Src/stm32f4xx_hal_msp.o" --specs=nano.specs -mfpu=fpv4-sp-d16 -mfloat-abi=hard -mthumb -o "Core/Src/stm32f4xx_hal_msp.o"
arm-none-eabi-gcc "../Core/Src/stm32f4xx_it.c" -mcpu=cortex-m4 -std=gnu11 -g3 -DDEBUG -DUSE_HAL_DRIVER -DSTM32F411xE -c -I../Core/Inc -I../Drivers/STM32F4xx_HAL_Driver/Inc -I../Drivers/STM32F4xx_HAL_Driver/Inc/Legacy -I../Drivers/CMSIS/Device/ST/STM32F4xx/Include -I../Drivers/CMSIS/Include -O0 -ffunction-sections -fdata-sections -Wall -fstack-usage -fcyclomatic-complexity -MMD -MP -MF"Core/Src/stm32f4xx_it.d" -MT"Core/Src/stm32f4xx_it.o" --specs=nano.specs -mfpu=fpv4-sp-d16 -mfloat-abi=hard -mthumb -o "Core/Src/stm32f4xx_it.o"
arm-none-eabi-gcc "../Core/Src/syscalls.c" -mcpu=cortex-m4 -std=gnu11 -g3 -DDEBUG -DUSE_HAL_DRIVER -DSTM32F411xE -c -I../Core/Inc -I../Drivers/STM32F4xx_HAL_Driver/Inc -I../Drivers/STM32F4xx_HAL_Driver/Inc/Legacy -I../Drivers/CMSIS/Device/ST/STM32F4xx/Include -I../Drivers/CMSIS/Include -O0 -ffunction-sections -fdata-sections -Wall -fstack-usage -fcyclomatic-complexity -MMD -MP -MF"Core/Src/syscalls.d" -MT"Core/Src/syscalls.o" --specs=nano.specs -mfpu=fpv4-sp-d16 -mfloat-abi=hard -mthumb -o "Core/Src/syscalls.o"
arm-none-eabi-gcc "../Core/Src/sysmem.c" -mcpu=cortex-m4 -std=gnu11 -g3 -DDEBUG -DUSE_HAL_DRIVER -DSTM32F411xE -c -I../Core/Inc -I../Drivers/STM32F4xx_HAL_Driver/Inc -I../Drivers/STM32F4xx_HAL_Driver/Inc/Legacy -I../Drivers/CMSIS/Device/ST/STM32F4xx/Include -I../Drivers/CMSIS/Include -O0 -ffunction-sections -fdata-sections -Wall -fstack-usage -fcyclomatic-complexity -MMD -MP -MF"Core/Src/sysmem.d" -MT"Core/Src/sysmem.o" --specs=nano.specs -mfpu=fpv4-sp-d16 -mfloat-abi=hard -mthumb -o "Core/Src/sysmem.o"
arm-none-eabi-gcc "../Core/Src/system_stm32f4xx.c" -mcpu=cortex-m4 -std=gnu11 -g3 -DDEBUG -DUSE_HAL_DRIVER -DSTM32F411xE -c -I../Core/Inc -I../Drivers/STM32F4xx_HAL_Driver/Inc -I../Drivers/STM32F4xx_HAL_Driver/Inc/Legacy -I../Drivers/CMSIS/Device/ST/STM32F4xx/Include -I../Drivers/CMSIS/Include -O0 -ffunction-sections -fdata-sections -Wall -fstack-usage -fcyclomatic-complexity -MMD -MP -MF"Core/Src/system_stm32f4xx.d" -MT"Core/Src/system_stm32f4xx.o" --specs=nano.specs -mfpu=fpv4-sp-d16 -mfloat-abi=hard -mthumb -o "Core/Src/system_stm32f4xx.o"
arm-none-eabi-gcc -o "skills.elf" @"objects.list"   -mcpu=cortex-m4 -T"C:\Awork\y2s2\embbeded_system\test\skills\STM32F411RETX_FLASH.ld" --specs=nosys.specs -Wl,-Map="skills.map" -Wl,--gc-sections -static --specs=nano.specs -mfpu=fpv4-sp-d16 -mfloat-abi=hard -mthumb -Wl,--start-group -lc -lm -Wl,--end-group
Finished building target: skills.elf
 
arm-none-eabi-size  skills.elf 
arm-none-eabi-objdump -h -S skills.elf  > "skills.list"
   text	   data	    bss	    dec	    hex	filename
   7872	     20	   1644	   9536	   2540	skills.elf
Finished building: default.size.stdout
 
Finished building: skills.list
 
13:46:45 **** Incremental Build of configuration Debug for project skills ****
make -j12 all 
arm-none-eabi-size  skills.elf 
   text	   data	    bss	    dec	    hex	filename
   7872	     20	   1644	   9536	   2540	skills.elf
Finished building: default.size.stdout
 
13:47:59 **** Incremental Build of configuration Debug for project skills ****
make -j12 all 
arm-none-eabi-gcc "../Core/Src/main.c" -mcpu=cortex-m4 -std=gnu11 -g3 -DDEBUG -DUSE_HAL_DRIVER -DSTM32F411xE -c -I../Core/Inc -I../Drivers/STM32F4xx_HAL_Driver/Inc -I../Drivers/STM32F4xx_HAL_Driver/Inc/Legacy -I../Drivers/CMSIS/Device/ST/STM32F4xx/Include -I../Drivers/CMSIS/Include -O0 -ffunction-sections -fdata-sections -Wall -fstack-usage -fcyclomatic-complexity -MMD -MP -MF"Core/Src/main.d" -MT"Core/Src/main.o" --specs=nano.specs -mfpu=fpv4-sp-d16 -mfloat-abi=hard -mthumb -o "Core/Src/main.o"
../Core/Src/main.c:62:1: warning: data definition has no type or storage class
   62 | studentID[0] = "6";
      | ^~~~~~~~~
../Core/Src/main.c:62:1: warning: type defaults to 'int' in declaration of 'studentID' [-Wimplicit-int]
../Core/Src/main.c:62:1: error: conflicting types for 'studentID'; have 'int[0]'
../Core/Src/main.c:59:9: note: previous declaration of 'studentID' with type 'uint8_t[10]' {aka 'unsigned char[10]'}
   59 | uint8_t studentID[10]; // 6531347621
      |         ^~~~~~~~~
../Core/Src/main.c:62:16: error: array of inappropriate type initialized from string constant
   62 | studentID[0] = "6";
      |                ^~~
../Core/Src/main.c:63:1: warning: data definition has no type or storage class
   63 | studentID[1] = "5";
      | ^~~~~~~~~
../Core/Src/main.c:63:1: warning: type defaults to 'int' in declaration of 'studentID' [-Wimplicit-int]
../Core/Src/main.c:63:1: error: conflicting types for 'studentID'; have 'int[1]'
../Core/Src/main.c:59:9: note: previous declaration of 'studentID' with type 'uint8_t[10]' {aka 'unsigned char[10]'}
   59 | uint8_t studentID[10]; // 6531347621
      |         ^~~~~~~~~
../Core/Src/main.c:63:16: error: array of inappropriate type initialized from string constant
   63 | studentID[1] = "5";
      |                ^~~
../Core/Src/main.c:64:1: warning: data definition has no type or storage class
   64 | studentID[2] = "3";
      | ^~~~~~~~~
../Core/Src/main.c:64:1: warning: type defaults to 'int' in declaration of 'studentID' [-Wimplicit-int]
../Core/Src/main.c:64:1: error: conflicting types for 'studentID'; have 'int[2]'
../Core/Src/main.c:59:9: note: previous declaration of 'studentID' with type 'uint8_t[10]' {aka 'unsigned char[10]'}
   59 | uint8_t studentID[10]; // 6531347621
      |         ^~~~~~~~~
../Core/Src/main.c:64:16: error: array of inappropriate type initialized from string constant
   64 | studentID[2] = "3";
      |                ^~~
../Core/Src/main.c:65:1: warning: data definition has no type or storage class
   65 | studentID[3] = "1";
      | ^~~~~~~~~
../Core/Src/main.c:65:1: warning: type defaults to 'int' in declaration of 'studentID' [-Wimplicit-int]
../Core/Src/main.c:65:1: error: conflicting types for 'studentID'; have 'int[3]'
../Core/Src/main.c:59:9: note: previous declaration of 'studentID' with type 'uint8_t[10]' {aka 'unsigned char[10]'}
   59 | uint8_t studentID[10]; // 6531347621
      |         ^~~~~~~~~
../Core/Src/main.c:65:16: error: array of inappropriate type initialized from string constant
   65 | studentID[3] = "1";
      |                ^~~
../Core/Src/main.c:66:1: warning: data definition has no type or storage class
   66 | studentID[4] = "3";
      | ^~~~~~~~~
../Core/Src/main.c:66:1: warning: type defaults to 'int' in declaration of 'studentID' [-Wimplicit-int]
../Core/Src/main.c:66:1: error: conflicting types for 'studentID'; have 'int[4]'
../Core/Src/main.c:59:9: note: previous declaration of 'studentID' with type 'uint8_t[10]' {aka 'unsigned char[10]'}
   59 | uint8_t studentID[10]; // 6531347621
      |         ^~~~~~~~~
../Core/Src/main.c:66:16: error: array of inappropriate type initialized from string constant
   66 | studentID[4] = "3";
      |                ^~~
../Core/Src/main.c:67:1: warning: data definition has no type or storage class
   67 | studentID[5] = "4";
      | ^~~~~~~~~
../Core/Src/main.c:67:1: warning: type defaults to 'int' in declaration of 'studentID' [-Wimplicit-int]
../Core/Src/main.c:67:1: error: conflicting types for 'studentID'; have 'int[5]'
../Core/Src/main.c:59:9: note: previous declaration of 'studentID' with type 'uint8_t[10]' {aka 'unsigned char[10]'}
   59 | uint8_t studentID[10]; // 6531347621
      |         ^~~~~~~~~
../Core/Src/main.c:67:16: error: array of inappropriate type initialized from string constant
   67 | studentID[5] = "4";
      |                ^~~
../Core/Src/main.c:68:1: warning: data definition has no type or storage class
   68 | studentID[6] = "7";
      | ^~~~~~~~~
../Core/Src/main.c:68:1: warning: type defaults to 'int' in declaration of 'studentID' [-Wimplicit-int]
../Core/Src/main.c:68:1: error: conflicting types for 'studentID'; have 'int[6]'
../Core/Src/main.c:59:9: note: previous declaration of 'studentID' with type 'uint8_t[10]' {aka 'unsigned char[10]'}
   59 | uint8_t studentID[10]; // 6531347621
      |         ^~~~~~~~~
../Core/Src/main.c:68:16: error: array of inappropriate type initialized from string constant
   68 | studentID[6] = "7";
      |                ^~~
../Core/Src/main.c:69:1: warning: data definition has no type or storage class
   69 | studentID[7] = "6";
      | ^~~~~~~~~
../Core/Src/main.c:69:1: warning: type defaults to 'int' in declaration of 'studentID' [-Wimplicit-int]
../Core/Src/main.c:69:1: error: conflicting types for 'studentID'; have 'int[7]'
../Core/Src/main.c:59:9: note: previous declaration of 'studentID' with type 'uint8_t[10]' {aka 'unsigned char[10]'}
   59 | uint8_t studentID[10]; // 6531347621
      |         ^~~~~~~~~
../Core/Src/main.c:69:16: error: array of inappropriate type initialized from string constant
   69 | studentID[7] = "6";
      |                ^~~
../Core/Src/main.c:70:1: warning: data definition has no type or storage class
   70 | studentID[8] = "2";
      | ^~~~~~~~~
../Core/Src/main.c:70:1: warning: type defaults to 'int' in declaration of 'studentID' [-Wimplicit-int]
../Core/Src/main.c:70:1: error: conflicting types for 'studentID'; have 'int[8]'
../Core/Src/main.c:59:9: note: previous declaration of 'studentID' with type 'uint8_t[10]' {aka 'unsigned char[10]'}
   59 | uint8_t studentID[10]; // 6531347621
      |         ^~~~~~~~~
../Core/Src/main.c:70:16: error: array of inappropriate type initialized from string constant
   70 | studentID[8] = "2";
      |                ^~~
../Core/Src/main.c:71:1: warning: data definition has no type or storage class
   71 | studentID[9] = "1";
      | ^~~~~~~~~
../Core/Src/main.c:71:1: warning: type defaults to 'int' in declaration of 'studentID' [-Wimplicit-int]
../Core/Src/main.c:71:1: error: conflicting types for 'studentID'; have 'int[9]'
../Core/Src/main.c:59:9: note: previous declaration of 'studentID' with type 'uint8_t[10]' {aka 'unsigned char[10]'}
   59 | uint8_t studentID[10]; // 6531347621
      |         ^~~~~~~~~
../Core/Src/main.c:71:16: error: array of inappropriate type initialized from string constant
   71 | studentID[9] = "1";
      |                ^~~
../Core/Src/main.c: In function 'HAL_GPIO_EXTI_Callback':
../Core/Src/main.c:84:52: error: 'GPIO_Pin_13' undeclared (first use in this function); did you mean 'GPIO_PIN_13'?
   84 |                         && HAL_GPIO_ReadPin(GPIOC, GPIO_Pin_13) == GPIO_PIN_RESET) {
      |                                                    ^~~~~~~~~~~
      |                                                    GPIO_PIN_13
../Core/Src/main.c:84:52: note: each undeclared identifier is reported only once for each function it appears in
../Core/Src/main.c:86:54: warning: passing argument 2 of 'HAL_UART_Transmit' from incompatible pointer type [-Wincompatible-pointer-types]
   86 |                 HAL_UART_Transmit(&huart2, studentID + showIndex, 1, 1000);
      |                                            ~~~~~~~~~~^~~~~~~~~~~
      |                                                      |
      |                                                      int *
In file included from ../Core/Inc/stm32f4xx_hal_conf.h:411,
                 from ../Drivers/STM32F4xx_HAL_Driver/Inc/stm32f4xx_hal.h:29,
                 from ../Core/Inc/main.h:30,
                 from ../Core/Src/main.c:20:
../Drivers/STM32F4xx_HAL_Driver/Inc/stm32f4xx_hal_uart.h:745:79: note: expected 'const uint8_t *' {aka 'const unsigned char *'} but argument is of type 'int *'
  745 | HAL_StatusTypeDef HAL_UART_Transmit(UART_HandleTypeDef *huart, const uint8_t *pData, uint16_t Size, uint32_t Timeout);
      |                                                                ~~~~~~~~~~~~~~~^~~~~
make: *** [Core/Src/subdir.mk:34: Core/Src/main.o] Error 1
"make -j12 all" terminated with exit code 2. Build might be incomplete.
13:49:47 **** Incremental Build of configuration Debug for project skills ****
make -j12 all 
arm-none-eabi-gcc "../Core/Src/main.c" -mcpu=cortex-m4 -std=gnu11 -g3 -DDEBUG -DUSE_HAL_DRIVER -DSTM32F411xE -c -I../Core/Inc -I../Drivers/STM32F4xx_HAL_Driver/Inc -I../Drivers/STM32F4xx_HAL_Driver/Inc/Legacy -I../Drivers/CMSIS/Device/ST/STM32F4xx/Include -I../Drivers/CMSIS/Include -O0 -ffunction-sections -fdata-sections -Wall -fstack-usage -fcyclomatic-complexity -MMD -MP -MF"Core/Src/main.d" -MT"Core/Src/main.o" --specs=nano.specs -mfpu=fpv4-sp-d16 -mfloat-abi=hard -mthumb -o "Core/Src/main.o"
../Core/Src/main.c: In function 'HAL_GPIO_EXTI_Callback':
../Core/Src/main.c:76:17: warning: implicit declaration of function 'sprintf' [-Wimplicit-function-declaration]
   76 |                 sprintf(studentID,"6531347621");
      |                 ^~~~~~~
../Core/Src/main.c:21:1: note: include '<stdio.h>' or provide a declaration of 'sprintf'
   20 | #include "main.h"
  +++ |+#include <stdio.h>
   21 | 
../Core/Src/main.c:76:17: warning: incompatible implicit declaration of built-in function 'sprintf' [-Wbuiltin-declaration-mismatch]
   76 |                 sprintf(studentID,"6531347621");
      |                 ^~~~~~~
../Core/Src/main.c:76:17: note: include '<stdio.h>' or provide a declaration of 'sprintf'
../Core/Src/main.c:76:25: warning: pointer targets in passing argument 1 of 'sprintf' differ in signedness [-Wpointer-sign]
   76 |                 sprintf(studentID,"6531347621");
      |                         ^~~~~~~~~
      |                         |
      |                         uint8_t * {aka unsigned char *}
../Core/Src/main.c:76:25: note: expected 'char *' but argument is of type 'uint8_t *' {aka 'unsigned char *'}
../Core/Src/main.c:76:46: warning: 'sprintf' writing a terminating nul past the end of the destination [-Wformat-overflow=]
   76 |                 sprintf(studentID,"6531347621");
      |                                              ^
../Core/Src/main.c:76:17: note: 'sprintf' output 11 bytes into a destination of size 10
   76 |                 sprintf(studentID,"6531347621");
      |                 ^~~~~~~~~~~~~~~~~~~~~~~~~~~~~~~
arm-none-eabi-gcc -o "skills.elf" @"objects.list"   -mcpu=cortex-m4 -T"C:\Awork\y2s2\embbeded_system\test\skills\STM32F411RETX_FLASH.ld" --specs=nosys.specs -Wl,-Map="skills.map" -Wl,--gc-sections -static --specs=nano.specs -mfpu=fpv4-sp-d16 -mfloat-abi=hard -mthumb -Wl,--start-group -lc -lm -Wl,--end-group
Finished building target: skills.elf
 
arm-none-eabi-size  skills.elf 
arm-none-eabi-objdump -h -S skills.elf  > "skills.list"
   text	   data	    bss	    dec	    hex	filename
  11392	    104	   1992	  13488	   34b0	skills.elf
Finished building: default.size.stdout
 
Finished building: skills.list
 
13:50:01 **** Incremental Build of configuration Debug for project skills ****
make -j12 all 
arm-none-eabi-size  skills.elf 
   text	   data	    bss	    dec	    hex	filename
  11392	    104	   1992	  13488	   34b0	skills.elf
Finished building: default.size.stdout
 
13:51:58 **** Incremental Build of configuration Debug for project skills ****
make -j12 all 
arm-none-eabi-gcc "../Core/Src/main.c" -mcpu=cortex-m4 -std=gnu11 -g3 -DDEBUG -DUSE_HAL_DRIVER -DSTM32F411xE -c -I../Core/Inc -I../Drivers/STM32F4xx_HAL_Driver/Inc -I../Drivers/STM32F4xx_HAL_Driver/Inc/Legacy -I../Drivers/CMSIS/Device/ST/STM32F4xx/Include -I../Drivers/CMSIS/Include -O0 -ffunction-sections -fdata-sections -Wall -fstack-usage -fcyclomatic-complexity -MMD -MP -MF"Core/Src/main.d" -MT"Core/Src/main.o" --specs=nano.specs -mfpu=fpv4-sp-d16 -mfloat-abi=hard -mthumb -o "Core/Src/main.o"
../Core/Src/main.c: In function 'HAL_GPIO_EXTI_Callback':
../Core/Src/main.c:74:9: warning: implicit declaration of function 'sprintf' [-Wimplicit-function-declaration]
   74 |         sprintf(test,"pressed");
      |         ^~~~~~~
../Core/Src/main.c:21:1: note: include '<stdio.h>' or provide a declaration of 'sprintf'
   20 | #include "main.h"
  +++ |+#include <stdio.h>
   21 | 
../Core/Src/main.c:74:9: warning: incompatible implicit declaration of built-in function 'sprintf' [-Wbuiltin-declaration-mismatch]
   74 |         sprintf(test,"pressed");
      |         ^~~~~~~
../Core/Src/main.c:74:9: note: include '<stdio.h>' or provide a declaration of 'sprintf'
../Core/Src/main.c:74:17: warning: pointer targets in passing argument 1 of 'sprintf' differ in signedness [-Wpointer-sign]
   74 |         sprintf(test,"pressed");
      |                 ^~~~
      |                 |
      |                 uint8_t * {aka unsigned char *}
../Core/Src/main.c:74:17: note: expected 'char *' but argument is of type 'uint8_t *' {aka 'unsigned char *'}
../Core/Src/main.c:75:42: warning: implicit declaration of function 'strlen' [-Wimplicit-function-declaration]
   75 |         HAL_UART_Transmit(&huart2, test, strlen(test), 1000);
      |                                          ^~~~~~
../Core/Src/main.c:21:1: note: include '<string.h>' or provide a declaration of 'strlen'
   20 | #include "main.h"
  +++ |+#include <string.h>
   21 | 
../Core/Src/main.c:75:42: warning: incompatible implicit declaration of built-in function 'strlen' [-Wbuiltin-declaration-mismatch]
   75 |         HAL_UART_Transmit(&huart2, test, strlen(test), 1000);
      |                                          ^~~~~~
../Core/Src/main.c:75:42: note: include '<string.h>' or provide a declaration of 'strlen'
../Core/Src/main.c:75:49: warning: pointer targets in passing argument 1 of 'strlen' differ in signedness [-Wpointer-sign]
   75 |         HAL_UART_Transmit(&huart2, test, strlen(test), 1000);
      |                                                 ^~~~
      |                                                 |
      |                                                 uint8_t * {aka unsigned char *}
../Core/Src/main.c:75:49: note: expected 'const char *' but argument is of type 'uint8_t *' {aka 'unsigned char *'}
../Core/Src/main.c:79:25: warning: pointer targets in passing argument 1 of 'sprintf' differ in signedness [-Wpointer-sign]
   79 |                 sprintf(studentID,"6531347621");
      |                         ^~~~~~~~~
      |                         |
      |                         uint8_t * {aka unsigned char *}
../Core/Src/main.c:79:25: note: expected 'char *' but argument is of type 'uint8_t *' {aka 'unsigned char *'}
../Core/Src/main.c:79:46: warning: 'sprintf' writing a terminating nul past the end of the destination [-Wformat-overflow=]
   79 |                 sprintf(studentID,"6531347621");
      |                                              ^
../Core/Src/main.c:79:17: note: 'sprintf' output 11 bytes into a destination of size 10
   79 |                 sprintf(studentID,"6531347621");
      |                 ^~~~~~~~~~~~~~~~~~~~~~~~~~~~~~~
arm-none-eabi-gcc -o "skills.elf" @"objects.list"   -mcpu=cortex-m4 -T"C:\Awork\y2s2\embbeded_system\test\skills\STM32F411RETX_FLASH.ld" --specs=nosys.specs -Wl,-Map="skills.map" -Wl,--gc-sections -static --specs=nano.specs -mfpu=fpv4-sp-d16 -mfloat-abi=hard -mthumb -Wl,--start-group -lc -lm -Wl,--end-group
Finished building target: skills.elf
 
arm-none-eabi-size  skills.elf 
arm-none-eabi-objdump -h -S skills.elf  > "skills.list"
   text	   data	    bss	    dec	    hex	filename
  11456	    104	   2248	  13808	   35f0	skills.elf
Finished building: default.size.stdout
 
Finished building: skills.list
 
13:56:55 **** Incremental Build of configuration Debug for project skills ****
make -j12 all 
arm-none-eabi-gcc "../Core/Src/main.c" -mcpu=cortex-m4 -std=gnu11 -g3 -DDEBUG -DUSE_HAL_DRIVER -DSTM32F411xE -c -I../Core/Inc -I../Drivers/STM32F4xx_HAL_Driver/Inc -I../Drivers/STM32F4xx_HAL_Driver/Inc/Legacy -I../Drivers/CMSIS/Device/ST/STM32F4xx/Include -I../Drivers/CMSIS/Include -O0 -ffunction-sections -fdata-sections -Wall -fstack-usage -fcyclomatic-complexity -MMD -MP -MF"Core/Src/main.d" -MT"Core/Src/main.o" --specs=nano.specs -mfpu=fpv4-sp-d16 -mfloat-abi=hard -mthumb -o "Core/Src/main.o"
../Core/Src/main.c: In function 'main':
../Core/Src/main.c:141:33: warning: implicit declaration of function 'sprintf' [-Wimplicit-function-declaration]
  141 |                                 sprintf(test,"pressed");
      |                                 ^~~~~~~
../Core/Src/main.c:21:1: note: include '<stdio.h>' or provide a declaration of 'sprintf'
   20 | #include "main.h"
  +++ |+#include <stdio.h>
   21 | 
../Core/Src/main.c:141:33: warning: incompatible implicit declaration of built-in function 'sprintf' [-Wbuiltin-declaration-mismatch]
  141 |                                 sprintf(test,"pressed");
      |                                 ^~~~~~~
../Core/Src/main.c:141:33: note: include '<stdio.h>' or provide a declaration of 'sprintf'
../Core/Src/main.c:141:41: warning: pointer targets in passing argument 1 of 'sprintf' differ in signedness [-Wpointer-sign]
  141 |                                 sprintf(test,"pressed");
      |                                         ^~~~
      |                                         |
      |                                         uint8_t * {aka unsigned char *}
../Core/Src/main.c:141:41: note: expected 'char *' but argument is of type 'uint8_t *' {aka 'unsigned char *'}
../Core/Src/main.c:142:66: warning: implicit declaration of function 'strlen' [-Wimplicit-function-declaration]
  142 |                                 HAL_UART_Transmit(&huart2, test, strlen(test), 1000);
      |                                                                  ^~~~~~
../Core/Src/main.c:21:1: note: include '<string.h>' or provide a declaration of 'strlen'
   20 | #include "main.h"
  +++ |+#include <string.h>
   21 | 
../Core/Src/main.c:142:66: warning: incompatible implicit declaration of built-in function 'strlen' [-Wbuiltin-declaration-mismatch]
  142 |                                 HAL_UART_Transmit(&huart2, test, strlen(test), 1000);
      |                                                                  ^~~~~~
../Core/Src/main.c:142:66: note: include '<string.h>' or provide a declaration of 'strlen'
../Core/Src/main.c:142:73: warning: pointer targets in passing argument 1 of 'strlen' differ in signedness [-Wpointer-sign]
  142 |                                 HAL_UART_Transmit(&huart2, test, strlen(test), 1000);
      |                                                                         ^~~~
      |                                                                         |
      |                                                                         uint8_t * {aka unsigned char *}
../Core/Src/main.c:142:73: note: expected 'const char *' but argument is of type 'uint8_t *' {aka 'unsigned char *'}
../Core/Src/main.c:127:17: warning: unused variable 'studentID' [-Wunused-variable]
  127 |         uint8_t studentID[10]; // 6531347621
      |                 ^~~~~~~~~
arm-none-eabi-gcc -o "skills.elf" @"objects.list"   -mcpu=cortex-m4 -T"C:\Awork\y2s2\embbeded_system\test\skills\STM32F411RETX_FLASH.ld" --specs=nosys.specs -Wl,-Map="skills.map" -Wl,--gc-sections -static --specs=nano.specs -mfpu=fpv4-sp-d16 -mfloat-abi=hard -mthumb -Wl,--start-group -lc -lm -Wl,--end-group
Finished building target: skills.elf
 
arm-none-eabi-size  skills.elf 
arm-none-eabi-objdump -h -S skills.elf  > "skills.list"
   text	   data	    bss	    dec	    hex	filename
  11308	    100	   1972	  13380	   3444	skills.elf
Finished building: default.size.stdout
 
Finished building: skills.list
 
13:56:57 **** Incremental Build of configuration Debug for project skills ****
make -j12 all 
arm-none-eabi-size  skills.elf 
   text	   data	    bss	    dec	    hex	filename
  11308	    100	   1972	  13380	   3444	skills.elf
Finished building: default.size.stdout
 
13:57:24 **** Incremental Build of configuration Debug for project skills ****
make -j12 all 
arm-none-eabi-gcc "../Core/Src/main.c" -mcpu=cortex-m4 -std=gnu11 -g3 -DDEBUG -DUSE_HAL_DRIVER -DSTM32F411xE -c -I../Core/Inc -I../Drivers/STM32F4xx_HAL_Driver/Inc -I../Drivers/STM32F4xx_HAL_Driver/Inc/Legacy -I../Drivers/CMSIS/Device/ST/STM32F4xx/Include -I../Drivers/CMSIS/Include -O0 -ffunction-sections -fdata-sections -Wall -fstack-usage -fcyclomatic-complexity -MMD -MP -MF"Core/Src/main.d" -MT"Core/Src/main.o" --specs=nano.specs -mfpu=fpv4-sp-d16 -mfloat-abi=hard -mthumb -o "Core/Src/main.o"
../Core/Src/main.c: In function 'main':
../Core/Src/main.c:141:33: warning: implicit declaration of function 'sprintf' [-Wimplicit-function-declaration]
  141 |                                 sprintf(test,"pressed");
      |                                 ^~~~~~~
../Core/Src/main.c:21:1: note: include '<stdio.h>' or provide a declaration of 'sprintf'
   20 | #include "main.h"
  +++ |+#include <stdio.h>
   21 | 
../Core/Src/main.c:141:33: warning: incompatible implicit declaration of built-in function 'sprintf' [-Wbuiltin-declaration-mismatch]
  141 |                                 sprintf(test,"pressed");
      |                                 ^~~~~~~
../Core/Src/main.c:141:33: note: include '<stdio.h>' or provide a declaration of 'sprintf'
../Core/Src/main.c:141:41: warning: pointer targets in passing argument 1 of 'sprintf' differ in signedness [-Wpointer-sign]
  141 |                                 sprintf(test,"pressed");
      |                                         ^~~~
      |                                         |
      |                                         uint8_t * {aka unsigned char *}
../Core/Src/main.c:141:41: note: expected 'char *' but argument is of type 'uint8_t *' {aka 'unsigned char *'}
../Core/Src/main.c:142:66: warning: implicit declaration of function 'strlen' [-Wimplicit-function-declaration]
  142 |                                 HAL_UART_Transmit(&huart2, test, strlen(test), 1000);
      |                                                                  ^~~~~~
../Core/Src/main.c:21:1: note: include '<string.h>' or provide a declaration of 'strlen'
   20 | #include "main.h"
  +++ |+#include <string.h>
   21 | 
../Core/Src/main.c:142:66: warning: incompatible implicit declaration of built-in function 'strlen' [-Wbuiltin-declaration-mismatch]
  142 |                                 HAL_UART_Transmit(&huart2, test, strlen(test), 1000);
      |                                                                  ^~~~~~
../Core/Src/main.c:142:66: note: include '<string.h>' or provide a declaration of 'strlen'
../Core/Src/main.c:142:73: warning: pointer targets in passing argument 1 of 'strlen' differ in signedness [-Wpointer-sign]
  142 |                                 HAL_UART_Transmit(&huart2, test, strlen(test), 1000);
      |                                                                         ^~~~
      |                                                                         |
      |                                                                         uint8_t * {aka unsigned char *}
../Core/Src/main.c:142:73: note: expected 'const char *' but argument is of type 'uint8_t *' {aka 'unsigned char *'}
../Core/Src/main.c:127:17: warning: unused variable 'studentID' [-Wunused-variable]
  127 |         uint8_t studentID[10]; // 6531347621
      |                 ^~~~~~~~~
arm-none-eabi-gcc -o "skills.elf" @"objects.list"   -mcpu=cortex-m4 -T"C:\Awork\y2s2\embbeded_system\test\skills\STM32F411RETX_FLASH.ld" --specs=nosys.specs -Wl,-Map="skills.map" -Wl,--gc-sections -static --specs=nano.specs -mfpu=fpv4-sp-d16 -mfloat-abi=hard -mthumb -Wl,--start-group -lc -lm -Wl,--end-group
Finished building target: skills.elf
 
arm-none-eabi-size  skills.elf 
arm-none-eabi-objdump -h -S skills.elf  > "skills.list"
   text	   data	    bss	    dec	    hex	filename
  11308	    100	   1972	  13380	   3444	skills.elf
Finished building: default.size.stdout
 
Finished building: skills.list
 
13:58:38 **** Incremental Build of configuration Debug for project skills ****
make -j12 all 
arm-none-eabi-gcc "../Core/Src/main.c" -mcpu=cortex-m4 -std=gnu11 -g3 -DDEBUG -DUSE_HAL_DRIVER -DSTM32F411xE -c -I../Core/Inc -I../Drivers/STM32F4xx_HAL_Driver/Inc -I../Drivers/STM32F4xx_HAL_Driver/Inc/Legacy -I../Drivers/CMSIS/Device/ST/STM32F4xx/Include -I../Drivers/CMSIS/Include -O0 -ffunction-sections -fdata-sections -Wall -fstack-usage -fcyclomatic-complexity -MMD -MP -MF"Core/Src/main.d" -MT"Core/Src/main.o" --specs=nano.specs -mfpu=fpv4-sp-d16 -mfloat-abi=hard -mthumb -o "Core/Src/main.o"
arm-none-eabi-gcc "../Core/Src/stm32f4xx_hal_msp.c" -mcpu=cortex-m4 -std=gnu11 -g3 -DDEBUG -DUSE_HAL_DRIVER -DSTM32F411xE -c -I../Core/Inc -I../Drivers/STM32F4xx_HAL_Driver/Inc -I../Drivers/STM32F4xx_HAL_Driver/Inc/Legacy -I../Drivers/CMSIS/Device/ST/STM32F4xx/Include -I../Drivers/CMSIS/Include -O0 -ffunction-sections -fdata-sections -Wall -fstack-usage -fcyclomatic-complexity -MMD -MP -MF"Core/Src/stm32f4xx_hal_msp.d" -MT"Core/Src/stm32f4xx_hal_msp.o" --specs=nano.specs -mfpu=fpv4-sp-d16 -mfloat-abi=hard -mthumb -o "Core/Src/stm32f4xx_hal_msp.o"
arm-none-eabi-gcc "../Core/Src/stm32f4xx_it.c" -mcpu=cortex-m4 -std=gnu11 -g3 -DDEBUG -DUSE_HAL_DRIVER -DSTM32F411xE -c -I../Core/Inc -I../Drivers/STM32F4xx_HAL_Driver/Inc -I../Drivers/STM32F4xx_HAL_Driver/Inc/Legacy -I../Drivers/CMSIS/Device/ST/STM32F4xx/Include -I../Drivers/CMSIS/Include -O0 -ffunction-sections -fdata-sections -Wall -fstack-usage -fcyclomatic-complexity -MMD -MP -MF"Core/Src/stm32f4xx_it.d" -MT"Core/Src/stm32f4xx_it.o" --specs=nano.specs -mfpu=fpv4-sp-d16 -mfloat-abi=hard -mthumb -o "Core/Src/stm32f4xx_it.o"
../Core/Src/main.c: In function 'main':
../Core/Src/main.c:142:33: warning: implicit declaration of function 'sprintf' [-Wimplicit-function-declaration]
  142 |                                 sprintf(test,"pressed");
      |                                 ^~~~~~~
../Core/Src/main.c:21:1: note: include '<stdio.h>' or provide a declaration of 'sprintf'
   20 | #include "main.h"
  +++ |+#include <stdio.h>
   21 | 
../Core/Src/main.c:142:33: warning: incompatible implicit declaration of built-in function 'sprintf' [-Wbuiltin-declaration-mismatch]
  142 |                                 sprintf(test,"pressed");
      |                                 ^~~~~~~
../Core/Src/main.c:142:33: note: include '<stdio.h>' or provide a declaration of 'sprintf'
../Core/Src/main.c:142:41: warning: pointer targets in passing argument 1 of 'sprintf' differ in signedness [-Wpointer-sign]
  142 |                                 sprintf(test,"pressed");
      |                                         ^~~~
      |                                         |
      |                                         uint8_t * {aka unsigned char *}
../Core/Src/main.c:142:41: note: expected 'char *' but argument is of type 'uint8_t *' {aka 'unsigned char *'}
../Core/Src/main.c:143:66: warning: implicit declaration of function 'strlen' [-Wimplicit-function-declaration]
  143 |                                 HAL_UART_Transmit(&huart2, test, strlen(test), 1000);
      |                                                                  ^~~~~~
../Core/Src/main.c:21:1: note: include '<string.h>' or provide a declaration of 'strlen'
   20 | #include "main.h"
  +++ |+#include <string.h>
   21 | 
../Core/Src/main.c:143:66: warning: incompatible implicit declaration of built-in function 'strlen' [-Wbuiltin-declaration-mismatch]
  143 |                                 HAL_UART_Transmit(&huart2, test, strlen(test), 1000);
      |                                                                  ^~~~~~
../Core/Src/main.c:143:66: note: include '<string.h>' or provide a declaration of 'strlen'
../Core/Src/main.c:143:73: warning: pointer targets in passing argument 1 of 'strlen' differ in signedness [-Wpointer-sign]
  143 |                                 HAL_UART_Transmit(&huart2, test, strlen(test), 1000);
      |                                                                         ^~~~
      |                                                                         |
      |                                                                         uint8_t * {aka unsigned char *}
../Core/Src/main.c:143:73: note: expected 'const char *' but argument is of type 'uint8_t *' {aka 'unsigned char *'}
../Core/Src/main.c:128:17: warning: unused variable 'studentID' [-Wunused-variable]
  128 |         uint8_t studentID[10]; // 6531347621
      |                 ^~~~~~~~~
arm-none-eabi-gcc -o "skills.elf" @"objects.list"   -mcpu=cortex-m4 -T"C:\Awork\y2s2\embbeded_system\test\skills\STM32F411RETX_FLASH.ld" --specs=nosys.specs -Wl,-Map="skills.map" -Wl,--gc-sections -static --specs=nano.specs -mfpu=fpv4-sp-d16 -mfloat-abi=hard -mthumb -Wl,--start-group -lc -lm -Wl,--end-group
Finished building target: skills.elf
 
arm-none-eabi-size  skills.elf 
arm-none-eabi-objdump -h -S skills.elf  > "skills.list"
   text	   data	    bss	    dec	    hex	filename
  11220	    100	   1972	  13292	   33ec	skills.elf
Finished building: default.size.stdout
 
Finished building: skills.list
 
13:59:38 **** Incremental Build of configuration Debug for project skills ****
make -j12 all 
arm-none-eabi-gcc "../Core/Src/main.c" -mcpu=cortex-m4 -std=gnu11 -g3 -DDEBUG -DUSE_HAL_DRIVER -DSTM32F411xE -c -I../Core/Inc -I../Drivers/STM32F4xx_HAL_Driver/Inc -I../Drivers/STM32F4xx_HAL_Driver/Inc/Legacy -I../Drivers/CMSIS/Device/ST/STM32F4xx/Include -I../Drivers/CMSIS/Include -O0 -ffunction-sections -fdata-sections -Wall -fstack-usage -fcyclomatic-complexity -MMD -MP -MF"Core/Src/main.d" -MT"Core/Src/main.o" --specs=nano.specs -mfpu=fpv4-sp-d16 -mfloat-abi=hard -mthumb -o "Core/Src/main.o"
../Core/Src/main.c: In function 'main':
../Core/Src/main.c:143:33: warning: implicit declaration of function 'sprintf' [-Wimplicit-function-declaration]
  143 |                                 sprintf(test, "pressed");
      |                                 ^~~~~~~
../Core/Src/main.c:21:1: note: include '<stdio.h>' or provide a declaration of 'sprintf'
   20 | #include "main.h"
  +++ |+#include <stdio.h>
   21 | 
../Core/Src/main.c:143:33: warning: incompatible implicit declaration of built-in function 'sprintf' [-Wbuiltin-declaration-mismatch]
  143 |                                 sprintf(test, "pressed");
      |                                 ^~~~~~~
../Core/Src/main.c:143:33: note: include '<stdio.h>' or provide a declaration of 'sprintf'
../Core/Src/main.c:143:41: warning: pointer targets in passing argument 1 of 'sprintf' differ in signedness [-Wpointer-sign]
  143 |                                 sprintf(test, "pressed");
      |                                         ^~~~
      |                                         |
      |                                         uint8_t * {aka unsigned char *}
../Core/Src/main.c:143:41: note: expected 'char *' but argument is of type 'uint8_t *' {aka 'unsigned char *'}
../Core/Src/main.c:144:66: warning: implicit declaration of function 'strlen' [-Wimplicit-function-declaration]
  144 |                                 HAL_UART_Transmit(&huart2, test, strlen(test), 1000);
      |                                                                  ^~~~~~
../Core/Src/main.c:21:1: note: include '<string.h>' or provide a declaration of 'strlen'
   20 | #include "main.h"
  +++ |+#include <string.h>
   21 | 
../Core/Src/main.c:144:66: warning: incompatible implicit declaration of built-in function 'strlen' [-Wbuiltin-declaration-mismatch]
  144 |                                 HAL_UART_Transmit(&huart2, test, strlen(test), 1000);
      |                                                                  ^~~~~~
../Core/Src/main.c:144:66: note: include '<string.h>' or provide a declaration of 'strlen'
../Core/Src/main.c:144:73: warning: pointer targets in passing argument 1 of 'strlen' differ in signedness [-Wpointer-sign]
  144 |                                 HAL_UART_Transmit(&huart2, test, strlen(test), 1000);
      |                                                                         ^~~~
      |                                                                         |
      |                                                                         uint8_t * {aka unsigned char *}
../Core/Src/main.c:144:73: note: expected 'const char *' but argument is of type 'uint8_t *' {aka 'unsigned char *'}
../Core/Src/main.c:127:17: warning: unused variable 'studentID' [-Wunused-variable]
  127 |         uint8_t studentID[10]; // 6531347621
      |                 ^~~~~~~~~
arm-none-eabi-gcc -o "skills.elf" @"objects.list"   -mcpu=cortex-m4 -T"C:\Awork\y2s2\embbeded_system\test\skills\STM32F411RETX_FLASH.ld" --specs=nosys.specs -Wl,-Map="skills.map" -Wl,--gc-sections -static --specs=nano.specs -mfpu=fpv4-sp-d16 -mfloat-abi=hard -mthumb -Wl,--start-group -lc -lm -Wl,--end-group
Finished building target: skills.elf
 
arm-none-eabi-size  skills.elf 
arm-none-eabi-objdump -h -S skills.elf  > "skills.list"
   text	   data	    bss	    dec	    hex	filename
  11236	    100	   1972	  13308	   33fc	skills.elf
Finished building: default.size.stdout
 
Finished building: skills.list
 
14:00:29 **** Incremental Build of configuration Debug for project skills ****
make -j12 all 
arm-none-eabi-gcc "../Core/Src/main.c" -mcpu=cortex-m4 -std=gnu11 -g3 -DDEBUG -DUSE_HAL_DRIVER -DSTM32F411xE -c -I../Core/Inc -I../Drivers/STM32F4xx_HAL_Driver/Inc -I../Drivers/STM32F4xx_HAL_Driver/Inc/Legacy -I../Drivers/CMSIS/Device/ST/STM32F4xx/Include -I../Drivers/CMSIS/Include -O0 -ffunction-sections -fdata-sections -Wall -fstack-usage -fcyclomatic-complexity -MMD -MP -MF"Core/Src/main.d" -MT"Core/Src/main.o" --specs=nano.specs -mfpu=fpv4-sp-d16 -mfloat-abi=hard -mthumb -o "Core/Src/main.o"
../Core/Src/main.c: In function 'main':
../Core/Src/main.c:143:33: warning: implicit declaration of function 'sprintf' [-Wimplicit-function-declaration]
  143 |                                 sprintf(test, "pressed");
      |                                 ^~~~~~~
../Core/Src/main.c:21:1: note: include '<stdio.h>' or provide a declaration of 'sprintf'
   20 | #include "main.h"
  +++ |+#include <stdio.h>
   21 | 
../Core/Src/main.c:143:33: warning: incompatible implicit declaration of built-in function 'sprintf' [-Wbuiltin-declaration-mismatch]
  143 |                                 sprintf(test, "pressed");
      |                                 ^~~~~~~
../Core/Src/main.c:143:33: note: include '<stdio.h>' or provide a declaration of 'sprintf'
../Core/Src/main.c:143:41: warning: pointer targets in passing argument 1 of 'sprintf' differ in signedness [-Wpointer-sign]
  143 |                                 sprintf(test, "pressed");
      |                                         ^~~~
      |                                         |
      |                                         uint8_t * {aka unsigned char *}
../Core/Src/main.c:143:41: note: expected 'char *' but argument is of type 'uint8_t *' {aka 'unsigned char *'}
../Core/Src/main.c:144:66: warning: implicit declaration of function 'strlen' [-Wimplicit-function-declaration]
  144 |                                 HAL_UART_Transmit(&huart2, test, strlen(test), 1000);
      |                                                                  ^~~~~~
../Core/Src/main.c:21:1: note: include '<string.h>' or provide a declaration of 'strlen'
   20 | #include "main.h"
  +++ |+#include <string.h>
   21 | 
../Core/Src/main.c:144:66: warning: incompatible implicit declaration of built-in function 'strlen' [-Wbuiltin-declaration-mismatch]
  144 |                                 HAL_UART_Transmit(&huart2, test, strlen(test), 1000);
      |                                                                  ^~~~~~
../Core/Src/main.c:144:66: note: include '<string.h>' or provide a declaration of 'strlen'
../Core/Src/main.c:144:73: warning: pointer targets in passing argument 1 of 'strlen' differ in signedness [-Wpointer-sign]
  144 |                                 HAL_UART_Transmit(&huart2, test, strlen(test), 1000);
      |                                                                         ^~~~
      |                                                                         |
      |                                                                         uint8_t * {aka unsigned char *}
../Core/Src/main.c:144:73: note: expected 'const char *' but argument is of type 'uint8_t *' {aka 'unsigned char *'}
../Core/Src/main.c:127:17: warning: unused variable 'studentID' [-Wunused-variable]
  127 |         uint8_t studentID[10]; // 6531347621
      |                 ^~~~~~~~~
arm-none-eabi-gcc -o "skills.elf" @"objects.list"   -mcpu=cortex-m4 -T"C:\Awork\y2s2\embbeded_system\test\skills\STM32F411RETX_FLASH.ld" --specs=nosys.specs -Wl,-Map="skills.map" -Wl,--gc-sections -static --specs=nano.specs -mfpu=fpv4-sp-d16 -mfloat-abi=hard -mthumb -Wl,--start-group -lc -lm -Wl,--end-group
Finished building target: skills.elf
 
arm-none-eabi-size  skills.elf 
arm-none-eabi-objdump -h -S skills.elf  > "skills.list"
   text	   data	    bss	    dec	    hex	filename
  11244	    100	   1972	  13316	   3404	skills.elf
Finished building: default.size.stdout
 
Finished building: skills.list
 
14:02:17 **** Incremental Build of configuration Debug for project skills ****
make -j12 all 
arm-none-eabi-gcc "../Core/Src/main.c" -mcpu=cortex-m4 -std=gnu11 -g3 -DDEBUG -DUSE_HAL_DRIVER -DSTM32F411xE -c -I../Core/Inc -I../Drivers/STM32F4xx_HAL_Driver/Inc -I../Drivers/STM32F4xx_HAL_Driver/Inc/Legacy -I../Drivers/CMSIS/Device/ST/STM32F4xx/Include -I../Drivers/CMSIS/Include -O0 -ffunction-sections -fdata-sections -Wall -fstack-usage -fcyclomatic-complexity -MMD -MP -MF"Core/Src/main.d" -MT"Core/Src/main.o" --specs=nano.specs -mfpu=fpv4-sp-d16 -mfloat-abi=hard -mthumb -o "Core/Src/main.o"
../Core/Src/main.c: In function 'main':
../Core/Src/main.c:144:33: warning: implicit declaration of function 'sprintf' [-Wimplicit-function-declaration]
  144 |                                 sprintf(test, "6531347621");
      |                                 ^~~~~~~
../Core/Src/main.c:21:1: note: include '<stdio.h>' or provide a declaration of 'sprintf'
   20 | #include "main.h"
  +++ |+#include <stdio.h>
   21 | 
../Core/Src/main.c:144:33: warning: incompatible implicit declaration of built-in function 'sprintf' [-Wbuiltin-declaration-mismatch]
  144 |                                 sprintf(test, "6531347621");
      |                                 ^~~~~~~
../Core/Src/main.c:144:33: note: include '<stdio.h>' or provide a declaration of 'sprintf'
../Core/Src/main.c:144:41: warning: pointer targets in passing argument 1 of 'sprintf' differ in signedness [-Wpointer-sign]
  144 |                                 sprintf(test, "6531347621");
      |                                         ^~~~
      |                                         |
      |                                         uint8_t * {aka unsigned char *}
../Core/Src/main.c:144:41: note: expected 'char *' but argument is of type 'uint8_t *' {aka 'unsigned char *'}
../Core/Src/main.c:145:84: warning: implicit declaration of function 'strlen' [-Wimplicit-function-declaration]
  145 |                                 HAL_UART_Transmit(&huart2, test + (clickCount%10), strlen(test), 1000);
      |                                                                                    ^~~~~~
../Core/Src/main.c:21:1: note: include '<string.h>' or provide a declaration of 'strlen'
   20 | #include "main.h"
  +++ |+#include <string.h>
   21 | 
../Core/Src/main.c:145:84: warning: incompatible implicit declaration of built-in function 'strlen' [-Wbuiltin-declaration-mismatch]
  145 |                                 HAL_UART_Transmit(&huart2, test + (clickCount%10), strlen(test), 1000);
      |                                                                                    ^~~~~~
../Core/Src/main.c:145:84: note: include '<string.h>' or provide a declaration of 'strlen'
../Core/Src/main.c:145:91: warning: pointer targets in passing argument 1 of 'strlen' differ in signedness [-Wpointer-sign]
  145 |                                 HAL_UART_Transmit(&huart2, test + (clickCount%10), strlen(test), 1000);
      |                                                                                           ^~~~
      |                                                                                           |
      |                                                                                           uint8_t * {aka unsigned char *}
../Core/Src/main.c:145:91: note: expected 'const char *' but argument is of type 'uint8_t *' {aka 'unsigned char *'}
../Core/Src/main.c:128:17: warning: unused variable 'studentID' [-Wunused-variable]
  128 |         uint8_t studentID[10]; // 6531347621
      |                 ^~~~~~~~~
arm-none-eabi-gcc -o "skills.elf" @"objects.list"   -mcpu=cortex-m4 -T"C:\Awork\y2s2\embbeded_system\test\skills\STM32F411RETX_FLASH.ld" --specs=nosys.specs -Wl,-Map="skills.map" -Wl,--gc-sections -static --specs=nano.specs -mfpu=fpv4-sp-d16 -mfloat-abi=hard -mthumb -Wl,--start-group -lc -lm -Wl,--end-group
Finished building target: skills.elf
 
arm-none-eabi-size  skills.elf 
arm-none-eabi-objdump -h -S skills.elf  > "skills.list"
   text	   data	    bss	    dec	    hex	filename
  11296	    100	   1972	  13368	   3438	skills.elf
Finished building: default.size.stdout
 
Finished building: skills.list
 
14:02:29 **** Incremental Build of configuration Debug for project skills ****
make -j12 all 
arm-none-eabi-gcc "../Core/Src/main.c" -mcpu=cortex-m4 -std=gnu11 -g3 -DDEBUG -DUSE_HAL_DRIVER -DSTM32F411xE -c -I../Core/Inc -I../Drivers/STM32F4xx_HAL_Driver/Inc -I../Drivers/STM32F4xx_HAL_Driver/Inc/Legacy -I../Drivers/CMSIS/Device/ST/STM32F4xx/Include -I../Drivers/CMSIS/Include -O0 -ffunction-sections -fdata-sections -Wall -fstack-usage -fcyclomatic-complexity -MMD -MP -MF"Core/Src/main.d" -MT"Core/Src/main.o" --specs=nano.specs -mfpu=fpv4-sp-d16 -mfloat-abi=hard -mthumb -o "Core/Src/main.o"
../Core/Src/main.c: In function 'main':
../Core/Src/main.c:144:33: warning: implicit declaration of function 'sprintf' [-Wimplicit-function-declaration]
  144 |                                 sprintf(test, "6531347621");
      |                                 ^~~~~~~
../Core/Src/main.c:21:1: note: include '<stdio.h>' or provide a declaration of 'sprintf'
   20 | #include "main.h"
  +++ |+#include <stdio.h>
   21 | 
../Core/Src/main.c:144:33: warning: incompatible implicit declaration of built-in function 'sprintf' [-Wbuiltin-declaration-mismatch]
  144 |                                 sprintf(test, "6531347621");
      |                                 ^~~~~~~
../Core/Src/main.c:144:33: note: include '<stdio.h>' or provide a declaration of 'sprintf'
../Core/Src/main.c:144:41: warning: pointer targets in passing argument 1 of 'sprintf' differ in signedness [-Wpointer-sign]
  144 |                                 sprintf(test, "6531347621");
      |                                         ^~~~
      |                                         |
      |                                         uint8_t * {aka unsigned char *}
../Core/Src/main.c:144:41: note: expected 'char *' but argument is of type 'uint8_t *' {aka 'unsigned char *'}
../Core/Src/main.c:128:17: warning: unused variable 'studentID' [-Wunused-variable]
  128 |         uint8_t studentID[10]; // 6531347621
      |                 ^~~~~~~~~
arm-none-eabi-gcc -o "skills.elf" @"objects.list"   -mcpu=cortex-m4 -T"C:\Awork\y2s2\embbeded_system\test\skills\STM32F411RETX_FLASH.ld" --specs=nosys.specs -Wl,-Map="skills.map" -Wl,--gc-sections -static --specs=nano.specs -mfpu=fpv4-sp-d16 -mfloat-abi=hard -mthumb -Wl,--start-group -lc -lm -Wl,--end-group
Finished building target: skills.elf
 
arm-none-eabi-size  skills.elf 
arm-none-eabi-objdump -h -S skills.elf  > "skills.list"
   text	   data	    bss	    dec	    hex	filename
  11268	    100	   1972	  13340	   341c	skills.elf
Finished building: default.size.stdout
 
Finished building: skills.list
 
14:03:20 **** Incremental Build of configuration Debug for project skills ****
make -j12 all 
arm-none-eabi-size  skills.elf 
   text	   data	    bss	    dec	    hex	filename
  11268	    100	   1972	  13340	   341c	skills.elf
Finished building: default.size.stdout
 
14:03:51 **** Incremental Build of configuration Debug for project skills ****
make -j12 all 
arm-none-eabi-gcc "../Core/Src/main.c" -mcpu=cortex-m4 -std=gnu11 -g3 -DDEBUG -DUSE_HAL_DRIVER -DSTM32F411xE -c -I../Core/Inc -I../Drivers/STM32F4xx_HAL_Driver/Inc -I../Drivers/STM32F4xx_HAL_Driver/Inc/Legacy -I../Drivers/CMSIS/Device/ST/STM32F4xx/Include -I../Drivers/CMSIS/Include -O0 -ffunction-sections -fdata-sections -Wall -fstack-usage -fcyclomatic-complexity -MMD -MP -MF"Core/Src/main.d" -MT"Core/Src/main.o" --specs=nano.specs -mfpu=fpv4-sp-d16 -mfloat-abi=hard -mthumb -o "Core/Src/main.o"
../Core/Src/main.c: In function 'main':
../Core/Src/main.c:144:33: warning: implicit declaration of function 'sprintf' [-Wimplicit-function-declaration]
  144 |                                 sprintf(test, "6531347621");
      |                                 ^~~~~~~
../Core/Src/main.c:21:1: note: include '<stdio.h>' or provide a declaration of 'sprintf'
   20 | #include "main.h"
  +++ |+#include <stdio.h>
   21 | 
../Core/Src/main.c:144:33: warning: incompatible implicit declaration of built-in function 'sprintf' [-Wbuiltin-declaration-mismatch]
  144 |                                 sprintf(test, "6531347621");
      |                                 ^~~~~~~
../Core/Src/main.c:144:33: note: include '<stdio.h>' or provide a declaration of 'sprintf'
../Core/Src/main.c:144:41: warning: pointer targets in passing argument 1 of 'sprintf' differ in signedness [-Wpointer-sign]
  144 |                                 sprintf(test, "6531347621");
      |                                         ^~~~
      |                                         |
      |                                         uint8_t * {aka unsigned char *}
../Core/Src/main.c:144:41: note: expected 'char *' but argument is of type 'uint8_t *' {aka 'unsigned char *'}
../Core/Src/main.c:128:17: warning: unused variable 'studentID' [-Wunused-variable]
  128 |         uint8_t studentID[10]; // 6531347621
      |                 ^~~~~~~~~
arm-none-eabi-gcc -o "skills.elf" @"objects.list"   -mcpu=cortex-m4 -T"C:\Awork\y2s2\embbeded_system\test\skills\STM32F411RETX_FLASH.ld" --specs=nosys.specs -Wl,-Map="skills.map" -Wl,--gc-sections -static --specs=nano.specs -mfpu=fpv4-sp-d16 -mfloat-abi=hard -mthumb -Wl,--start-group -lc -lm -Wl,--end-group
Finished building target: skills.elf
 
arm-none-eabi-size  skills.elf 
arm-none-eabi-objdump -h -S skills.elf  > "skills.list"
   text	   data	    bss	    dec	    hex	filename
  11268	    100	   1972	  13340	   341c	skills.elf
Finished building: default.size.stdout
 
Finished building: skills.list
 
14:04:11 **** Incremental Build of configuration Debug for project skills ****
make -j12 all 
arm-none-eabi-size  skills.elf 
   text	   data	    bss	    dec	    hex	filename
  11268	    100	   1972	  13340	   341c	skills.elf
Finished building: default.size.stdout
 
